<?xml version="1.0" encoding="UTF-8"?>
<!DOCTYPE mapper
  PUBLIC "-//mybatis.org//DTD Mapper 3.0//EN"
  "http://mybatis.org/dtd/mybatis-3-mapper.dtd">
 
<!-- 사용할 인터페이스의 경로 -->
<mapper namespace="com.haeny.spring.helloworld.core.repository.test.TestRepository">
	<select id="test" resultType="testDTO">
		SELECT NAME FROM TEST
	</select>
</mapper>

